<?xml version="1.0" encoding="UTF-8"?>
<testng-results skipped="0" failed="1" ignored="0" total="2" passed="1">
  <reporter-output>
  </reporter-output>
  <suite name="Default suite" duration-ms="35373" started-at="2018-04-30T11:27:22Z" finished-at="2018-04-30T11:27:57Z">
    <groups>
    </groups>
    <test name="Default test" duration-ms="35373" started-at="2018-04-30T11:27:22Z" finished-at="2018-04-30T11:27:57Z">
      <class name="com.nemo.restapi.GetAPITest">
        <test-method status="PASS" signature="setUP()[pri:0, instance:com.nemo.restapi.GetAPITest@643b1d11]" name="setUP" is-config="true" duration-ms="761" started-at="2018-04-30T07:27:22Z" finished-at="2018-04-30T07:27:23Z">
          <reporter-output>
          </reporter-output>
        </test-method> <!-- setUP -->
        <test-method status="PASS" signature="testCapital()[pri:0, instance:com.nemo.restapi.GetAPITest@643b1d11]" name="testCapital" duration-ms="8" started-at="2018-04-30T07:27:23Z" finished-at="2018-04-30T07:27:23Z">
          <reporter-output>
          </reporter-output>
        </test-method> <!-- testCapital -->
        <test-method status="PASS" signature="teardown()[pri:0, instance:com.nemo.restapi.GetAPITest@643b1d11]" name="teardown" is-config="true" duration-ms="1" started-at="2018-04-30T07:27:23Z" finished-at="2018-04-30T07:27:23Z">
          <reporter-output>
          </reporter-output>
        </test-method> <!-- teardown -->
        <test-method status="PASS" signature="setUP()[pri:0, instance:com.nemo.restapi.GetAPITest@643b1d11]" name="setUP" is-config="true" duration-ms="72" started-at="2018-04-30T07:27:23Z" finished-at="2018-04-30T07:27:23Z">
          <reporter-output>
          </reporter-output>
        </test-method> <!-- setUP -->
        <test-method status="FAIL" signature="getinputCapital()[pri:1, instance:com.nemo.restapi.GetAPITest@643b1d11]" name="getinputCapital" duration-ms="34496" started-at="2018-04-30T07:27:23Z" finished-at="2018-04-30T07:27:57Z">
          <exception class="java.lang.AssertionError">
            <message>
              <![CDATA[Abbreviation NOT OK]]>
            </message>
            <full-stacktrace>
              <![CDATA[java.lang.AssertionError: Abbreviation NOT OK
	at org.testng.Assert.fail(Assert.java:93)
	at org.testng.Assert.assertNotEquals(Assert.java:897)
	at com.nemo.restapi.GetAPITest.getinputCapital(GetAPITest.java:120)
	at sun.reflect.NativeMethodAccessorImpl.invoke0(Native Method)
	at sun.reflect.NativeMethodAccessorImpl.invoke(Unknown Source)
	at sun.reflect.DelegatingMethodAccessorImpl.invoke(Unknown Source)
	at java.lang.reflect.Method.invoke(Unknown Source)
	at org.testng.internal.MethodInvocationHelper.invokeMethod(MethodInvocationHelper.java:108)
	at org.testng.internal.Invoker.invokeMethod(Invoker.java:661)
	at org.testng.internal.Invoker.invokeTestMethod(Invoker.java:869)
	at org.testng.internal.Invoker.invokeTestMethods(Invoker.java:1193)
	at org.testng.internal.TestMethodWorker.invokeTestMethods(TestMethodWorker.java:126)
	at org.testng.internal.TestMethodWorker.run(TestMethodWorker.java:109)
	at org.testng.TestRunner.privateRun(TestRunner.java:744)
	at org.testng.TestRunner.run(TestRunner.java:602)
	at org.testng.SuiteRunner.runTest(SuiteRunner.java:380)
	at org.testng.SuiteRunner.runSequentially(SuiteRunner.java:375)
	at org.testng.SuiteRunner.privateRun(SuiteRunner.java:340)
	at org.testng.SuiteRunner.run(SuiteRunner.java:289)
	at org.testng.SuiteRunnerWorker.runSuite(SuiteRunnerWorker.java:52)
	at org.testng.SuiteRunnerWorker.run(SuiteRunnerWorker.java:86)
	at org.testng.TestNG.runSuitesSequentially(TestNG.java:1301)
	at org.testng.TestNG.runSuitesLocally(TestNG.java:1226)
	at org.testng.TestNG.runSuites(TestNG.java:1144)
	at org.testng.TestNG.run(TestNG.java:1115)
	at org.testng.remote.AbstractRemoteTestNG.run(AbstractRemoteTestNG.java:114)
	at org.testng.remote.RemoteTestNG.initAndRun(RemoteTestNG.java:251)
	at org.testng.remote.RemoteTestNG.main(RemoteTestNG.java:77)
]]>
            </full-stacktrace>
          </exception> <!-- java.lang.AssertionError -->
          <reporter-output>
          </reporter-output>
        </test-method> <!-- getinputCapital -->
        <test-method status="PASS" signature="teardown()[pri:0, instance:com.nemo.restapi.GetAPITest@643b1d11]" name="teardown" is-config="true" duration-ms="0" started-at="2018-04-30T07:27:57Z" finished-at="2018-04-30T07:27:57Z">
          <reporter-output>
          </reporter-output>
        </test-method> <!-- teardown -->
      </class> <!-- com.nemo.restapi.GetAPITest -->
    </test> <!-- Default test -->
  </suite> <!-- Default suite -->
</testng-results>
